#
# A fatal error has been detected by the Java Runtime Environment:
#
#  EXCEPTION_ACCESS_VIOLATION (0xc0000005) at pc=0x00007ff6b01e871d, pid=8144, tid=13184
#
# JRE version: Java(TM) SE Runtime Environment 18.9 (11.0.15.1+2) (build 11.0.15.1+2-LTS-10)
# Java VM: Java HotSpot(TM) 64-Bit Server VM 18.9 (11.0.15.1+2-LTS-10, mixed mode, tiered, compressed oops, g1 gc, windows-amd64)
# Problematic frame:
# C  [java.exe+0xa871d]
#
# No core dump will be written. Minidumps are not enabled by default on client versions of Windows
#
# If you would like to submit a bug report, please visit:
#   https://bugreport.java.com/bugreport/crash.jsp
#

---------------  S U M M A R Y ------------

Command Line: -DwatchParentProcess=false -XX:+ExitOnOutOfMemoryError -XX:+HeapDumpOnOutOfMemoryError -XX:HeapDumpPath=c:\Users\nicho\AppData\Roaming\Code\User\globalStorage\redhat.vscode-xml -Xverify:none -Xmx64M org.eclipse.lemminx.XMLServerLauncher

Host: Intel(R) Core(TM) i5-4200M CPU @ 2.50GHz, 4 cores, 7G,  Windows 10 , 64 bit Build 19041 (10.0.19041.2546)
Time: Sat Apr  1 10:03:56 2023 E. Africa Standard Time elapsed time: 621.665667 seconds (0d 0h 10m 21s)

---------------  T H R E A D  ---------------

Current thread is native thread

Stack: [0x00000022c3600000,0x00000022c3800000],  sp=0x00000022c37ff070,  free space=2044k
Native frames: (J=compiled Java code, j=interpreted, Vv=VM code, C=native code)
C  [java.exe+0xa871d]


siginfo: EXCEPTION_ACCESS_VIOLATION (0xc0000005), reading address 0x000001dccb7b9001


Register to memory mapping:

RIP=
[error occurred during error reporting (printing register info), id 0xc0000005, EXCEPTION_ACCESS_VIOLATION (0xc0000005) at pc=0x00007ffb4a7fd651]

Registers:
RAX=0x000000000000000e, RBX=0x0000000000000058, RCX=0x000001dcff9fbdb9, RDX=0x0000000000000000
RSP=0x00000022c37ff070, RBP=0x00000022c37ff0f0, RSI=0x000001dc8f759000, RDI=0x000000000000000b
R8 =0x0000000008000000, R9 =0x000001dd3fe4fe6a, R10=0x0000000000000000, R11=0x000001dccb7b9001
R12=0x000000000000000e, R13=0x0000000000000005, R14=0x000001dcff9fc059, R15=0x0000000000000008
RIP=0x00007ff6b01e871d, EFLAGS=0x0000000000010246

Top of Stack: (sp=0x00000022c37ff070)
0x00000022c37ff070:   000000000000000c 0000000000000005
0x00000022c37ff080:   0000000000000040 0000000000000000
0x00000022c37ff090:   000001dc87759000 000001dc8f759000
0x00000022c37ff0a0:   0000000000000000 00007ffb89207226
0x00000022c37ff0b0:   000001dd3fe4fe6a 837763e81e890000
0x00000022c37ff0c0:   000001dcff9fbdb9 000001dcff9fc059
0x00000022c37ff0d0:   000001dc8f759000 0000000000028b20
0x00000022c37ff0e0:   0000000000000000 000001dcff9fbd60
0x00000022c37ff0f0:   00000022c37ff5e0 00007ff6b01d93af
0x00000022c37ff100:   000001dcff9fbdb9 000001dc8f759000
0x00000022c37ff110:   0000000008000000 00000000ff9fbeb9
0x00000022c37ff120:   00000022c37ff5ac 00000022c37ff5ac
0x00000022c37ff130:   0000000000000000 0000000000000000
0x00000022c37ff140:   000001dcf2390000 0000000000000004
0x00000022c37ff150:   00000002f2432c1e 00007ffb8b680800
0x00000022c37ff160:   001a100000028800 0000000100000054 

Instructions: (pc=0x00007ff6b01e871d)
0x00007ff6b01e86fd:   4d 01 d1 4c 89 4d c0 48 89 75 a8 49 89 f2 4d 29
0x00007ff6b01e870d:   c2 4c 89 55 a0 4d 89 fa 49 83 ea 08 49 c1 e2 02
0x00007ff6b01e871d:   47 8b 14 1a 44 89 55 9c 4d 89 e6 49 83 ee 0e 4c
0x00007ff6b01e872d:   8d 15 ed 9d 00 00 4d 8b 12 49 d1 e2 4d 89 d9 4d 


Stack slot to memory mapping:
stack at sp + 0 slots: 
[error occurred during error reporting (inspecting top of stack), id 0xc0000005, EXCEPTION_ACCESS_VIOLATION (0xc0000005) at pc=0x00007ffb4a7fd651]


---------------  P R O C E S S  ---------------

VM state:not at safepoint (normal execution)

VM Mutex/Monitor currently owned by a thread: None

Heap address: 0x00000000fc000000, size: 64 MB, Compressed Oops mode: 32-bit
Narrow klass base: 0x0000000000000000, Narrow klass shift: 3
Compressed class space size: 1073741824 Address: 0x0000000100000000

Heap:
 garbage-first heap   total 65536K, used 5989K [0x00000000fc000000, 0x0000000100000000)
  region size 1024K, 5 young (5120K), 2 survivors (2048K)
 Metaspace       used 14364K, capacity 14650K, committed 14976K, reserved 1062912K
  class space    used 1443K, capacity 1541K, committed 1664K, reserved 1048576K
Heap Regions: E=young(eden), S=young(survivor), O=old, HS=humongous(starts), HC=humongous(continues), CS=collection set, F=free, A=archive, TAMS=top-at-mark-start (previous, next)
|   0|0x00000000fc000000, 0x00000000fc100000, 0x00000000fc100000|100%|HS|  |TAMS 0x00000000fc000000, 0x00000000fc000000| Complete 
|   1|0x00000000fc100000, 0x00000000fc1d9400, 0x00000000fc200000| 84%| O|  |TAMS 0x00000000fc100000, 0x00000000fc100000| Untracked 
|   2|0x00000000fc200000, 0x00000000fc200000, 0x00000000fc300000|  0%| F|  |TAMS 0x00000000fc200000, 0x00000000fc200000| Untracked 
|   3|0x00000000fc300000, 0x00000000fc300000, 0x00000000fc400000|  0%| F|  |TAMS 0x00000000fc300000, 0x00000000fc300000| Untracked 
|   4|0x00000000fc400000, 0x00000000fc400000, 0x00000000fc500000|  0%| F|  |TAMS 0x00000000fc400000, 0x00000000fc400000| Untracked 
|   5|0x00000000fc500000, 0x00000000fc500000, 0x00000000fc600000|  0%| F|  |TAMS 0x00000000fc500000, 0x00000000fc500000| Untracked 
|   6|0x00000000fc600000, 0x00000000fc600000, 0x00000000fc700000|  0%| F|  |TAMS 0x00000000fc600000, 0x00000000fc600000| Untracked 
|   7|0x00000000fc700000, 0x00000000fc700000, 0x00000000fc800000|  0%| F|  |TAMS 0x00000000fc700000, 0x00000000fc700000| Untracked 
|   8|0x00000000fc800000, 0x00000000fc800000, 0x00000000fc900000|  0%| F|  |TAMS 0x00000000fc800000, 0x00000000fc800000| Untracked 
|   9|0x00000000fc900000, 0x00000000fc900000, 0x00000000fca00000|  0%| F|  |TAMS 0x00000000fc900000, 0x00000000fc900000| Untracked 
|  10|0x00000000fca00000, 0x00000000fca00000, 0x00000000fcb00000|  0%| F|  |TAMS 0x00000000fca00000, 0x00000000fca00000| Untracked 
|  11|0x00000000fcb00000, 0x00000000fcb00000, 0x00000000fcc00000|  0%| F|  |TAMS 0x00000000fcb00000, 0x00000000fcb00000| Untracked 
|  12|0x00000000fcc00000, 0x00000000fcc00000, 0x00000000fcd00000|  0%| F|  |TAMS 0x00000000fcc00000, 0x00000000fcc00000| Untracked 
|  13|0x00000000fcd00000, 0x00000000fcd00000, 0x00000000fce00000|  0%| F|  |TAMS 0x00000000fcd00000, 0x00000000fcd00000| Untracked 
|  14|0x00000000fce00000, 0x00000000fce00000, 0x00000000fcf00000|  0%| F|  |TAMS 0x00000000fce00000, 0x00000000fce00000| Untracked 
|  15|0x00000000fcf00000, 0x00000000fcf00000, 0x00000000fd000000|  0%| F|  |TAMS 0x00000000fcf00000, 0x00000000fcf00000| Untracked 
|  16|0x00000000fd000000, 0x00000000fd000000, 0x00000000fd100000|  0%| F|  |TAMS 0x00000000fd000000, 0x00000000fd000000| Untracked 
|  17|0x00000000fd100000, 0x00000000fd100000, 0x00000000fd200000|  0%| F|  |TAMS 0x00000000fd100000, 0x00000000fd100000| Untracked 
|  18|0x00000000fd200000, 0x00000000fd200000, 0x00000000fd300000|  0%| F|  |TAMS 0x00000000fd200000, 0x00000000fd200000| Untracked 
|  19|0x00000000fd300000, 0x00000000fd300000, 0x00000000fd400000|  0%| F|  |TAMS 0x00000000fd300000, 0x00000000fd300000| Untracked 
|  20|0x00000000fd400000, 0x00000000fd400000, 0x00000000fd500000|  0%| F|  |TAMS 0x00000000fd400000, 0x00000000fd400000| Untracked 
|  21|0x00000000fd500000, 0x00000000fd500000, 0x00000000fd600000|  0%| F|  |TAMS 0x00000000fd500000, 0x00000000fd500000| Untracked 
|  22|0x00000000fd600000, 0x00000000fd600000, 0x00000000fd700000|  0%| F|  |TAMS 0x00000000fd600000, 0x00000000fd600000| Untracked 
|  23|0x00000000fd700000, 0x00000000fd700000, 0x00000000fd800000|  0%| F|  |TAMS 0x00000000fd700000, 0x00000000fd700000| Untracked 
|  24|0x00000000fd800000, 0x00000000fd800000, 0x00000000fd900000|  0%| F|  |TAMS 0x00000000fd800000, 0x00000000fd800000| Untracked 
|  25|0x00000000fd900000, 0x00000000fd900000, 0x00000000fda00000|  0%| F|  |TAMS 0x00000000fd900000, 0x00000000fd900000| Untracked 
|  26|0x00000000fda00000, 0x00000000fda00000, 0x00000000fdb00000|  0%| F|  |TAMS 0x00000000fda00000, 0x00000000fda00000| Untracked 
|  27|0x00000000fdb00000, 0x00000000fdb00000, 0x00000000fdc00000|  0%| F|  |TAMS 0x00000000fdb00000, 0x00000000fdb00000| Untracked 
|  28|0x00000000fdc00000, 0x00000000fdc00000, 0x00000000fdd00000|  0%| F|  |TAMS 0x00000000fdc00000, 0x00000000fdc00000| Untracked 
|  29|0x00000000fdd00000, 0x00000000fdd00000, 0x00000000fde00000|  0%| F|  |TAMS 0x00000000fdd00000, 0x00000000fdd00000| Untracked 
|  30|0x00000000fde00000, 0x00000000fde00000, 0x00000000fdf00000|  0%| F|  |TAMS 0x00000000fde00000, 0x00000000fde00000| Untracked 
|  31|0x00000000fdf00000, 0x00000000fdf00000, 0x00000000fe000000|  0%| F|  |TAMS 0x00000000fdf00000, 0x00000000fdf00000| Untracked 
|  32|0x00000000fe000000, 0x00000000fe000000, 0x00000000fe100000|  0%| F|  |TAMS 0x00000000fe000000, 0x00000000fe000000| Untracked 
|  33|0x00000000fe100000, 0x00000000fe100000, 0x00000000fe200000|  0%| F|  |TAMS 0x00000000fe100000, 0x00000000fe100000| Untracked 
|  34|0x00000000fe200000, 0x00000000fe200000, 0x00000000fe300000|  0%| F|  |TAMS 0x00000000fe200000, 0x00000000fe200000| Untracked 
|  35|0x00000000fe300000, 0x00000000fe300000, 0x00000000fe400000|  0%| F|  |TAMS 0x00000000fe300000, 0x00000000fe300000| Untracked 
|  36|0x00000000fe400000, 0x00000000fe400000, 0x00000000fe500000|  0%| F|  |TAMS 0x00000000fe400000, 0x00000000fe400000| Untracked 
|  37|0x00000000fe500000, 0x00000000fe500000, 0x00000000fe600000|  0%| F|  |TAMS 0x00000000fe500000, 0x00000000fe500000| Untracked 
|  38|0x00000000fe600000, 0x00000000fe600000, 0x00000000fe700000|  0%| F|  |TAMS 0x00000000fe600000, 0x00000000fe600000| Untracked 
|  39|0x00000000fe700000, 0x00000000fe700000, 0x00000000fe800000|  0%| F|  |TAMS 0x00000000fe700000, 0x00000000fe700000| Untracked 
|  40|0x00000000fe800000, 0x00000000fe800000, 0x00000000fe900000|  0%| F|  |TAMS 0x00000000fe800000, 0x00000000fe800000| Untracked 
|  41|0x00000000fe900000, 0x00000000fe900000, 0x00000000fea00000|  0%| F|  |TAMS 0x00000000fe900000, 0x00000000fe900000| Untracked 
|  42|0x00000000fea00000, 0x00000000fea00000, 0x00000000feb00000|  0%| F|  |TAMS 0x00000000fea00000, 0x00000000fea00000| Untracked 
|  43|0x00000000feb00000, 0x00000000feb00000, 0x00000000fec00000|  0%| F|  |TAMS 0x00000000feb00000, 0x00000000feb00000| Untracked 
|  44|0x00000000fec00000, 0x00000000fec00000, 0x00000000fed00000|  0%| F|  |TAMS 0x00000000fec00000, 0x00000000fec00000| Untracked 
|  45|0x00000000fed00000, 0x00000000fed00000, 0x00000000fee00000|  0%| F|  |TAMS 0x00000000fed00000, 0x00000000fed00000| Untracked 
|  46|0x00000000fee00000, 0x00000000fee00000, 0x00000000fef00000|  0%| F|  |TAMS 0x00000000fee00000, 0x00000000fee00000| Untracked 
|  47|0x00000000fef00000, 0x00000000fef00000, 0x00000000ff000000|  0%| F|  |TAMS 0x00000000fef00000, 0x00000000fef00000| Untracked 
|  48|0x00000000ff000000, 0x00000000ff100000, 0x00000000ff100000|100%| S|CS|TAMS 0x00000000ff000000, 0x00000000ff000000| Complete 
|  49|0x00000000ff100000, 0x00000000ff200000, 0x00000000ff200000|100%| S|CS|TAMS 0x00000000ff100000, 0x00000000ff100000| Complete 
|  50|0x00000000ff200000, 0x00000000ff200000, 0x00000000ff300000|  0%| F|  |TAMS 0x00000000ff200000, 0x00000000ff200000| Untracked 
|  51|0x00000000ff300000, 0x00000000ff300000, 0x00000000ff400000|  0%| F|  |TAMS 0x00000000ff300000, 0x00000000ff300000| Untracked 
|  52|0x00000000ff400000, 0x00000000ff400000, 0x00000000ff500000|  0%| F|  |TAMS 0x00000000ff400000, 0x00000000ff400000| Untracked 
|  53|0x00000000ff500000, 0x00000000ff500000, 0x00000000ff600000|  0%| F|  |TAMS 0x00000000ff500000, 0x00000000ff500000| Untracked 
|  54|0x00000000ff600000, 0x00000000ff600000, 0x00000000ff700000|  0%| F|  |TAMS 0x00000000ff600000, 0x00000000ff600000| Untracked 
|  55|0x00000000ff700000, 0x00000000ff700000, 0x00000000ff800000|  0%| F|  |TAMS 0x00000000ff700000, 0x00000000ff700000| Untracked 
|  56|0x00000000ff800000, 0x00000000ff800000, 0x00000000ff900000|  0%| F|  |TAMS 0x00000000ff800000, 0x00000000ff800000| Untracked 
|  57|0x00000000ff900000, 0x00000000ff900000, 0x00000000ffa00000|  0%| F|  |TAMS 0x00000000ff900000, 0x00000000ff900000| Untracked 
|  58|0x00000000ffa00000, 0x00000000ffa00000, 0x00000000ffb00000|  0%| F|  |TAMS 0x00000000ffa00000, 0x00000000ffa00000| Untracked 
|  59|0x00000000ffb00000, 0x00000000ffb00000, 0x00000000ffc00000|  0%| F|  |TAMS 0x00000000ffb00000, 0x00000000ffb00000| Untracked 
|  60|0x00000000ffc00000, 0x00000000ffc00000, 0x00000000ffd00000|  0%| F|  |TAMS 0x00000000ffc00000, 0x00000000ffc00000| Untracked 
|  61|0x00000000ffd00000, 0x00000000ffdf6a30, 0x00000000ffe00000| 96%| E|  |TAMS 0x00000000ffd00000, 0x00000000ffd00000| Complete 
|  62|0x00000000ffe00000, 0x00000000fff00000, 0x00000000fff00000|100%| E|CS|TAMS 0x00000000ffe00000, 0x00000000ffe00000| Complete 
|  63|0x00000000fff00000, 0x0000000100000000, 0x0000000100000000|100%| E|CS|TAMS 0x00000000fff00000, 0x00000000fff00000| Complete 

Card table byte_map: [0x000001dcfb9f0000,0x000001dcfba10000] _byte_map_base: 0x000001dcfb210000

Marking Bits (Prev, Next): (CMBitMap*) 0x000001dcf2573fa8, (CMBitMap*) 0x000001dcf2573fe0
 Prev Bits: [0x000001dcfba30000, 0x000001dcfbb30000)
 Next Bits: [0x000001dcfbb30000, 0x000001dcfbc30000)

Polling page: 0x000001dcf2400000

Metaspace:

Usage:
  Non-class:     12.80 MB capacity,    12.62 MB ( 99%) used,   166.32 KB (  1%) free+waste,    21.13 KB ( <1%) overhead. 
      Class:      1.50 MB capacity,     1.41 MB ( 94%) used,    87.89 KB (  6%) free+waste,     9.69 KB ( <1%) overhead. 
       Both:     14.31 MB capacity,    14.03 MB ( 98%) used,   254.21 KB (  2%) free+waste,    30.81 KB ( <1%) overhead. 

Virtual space:
  Non-class space:       14.00 MB reserved,      13.00 MB ( 93%) committed 
      Class space:        1.00 GB reserved,       1.63 MB ( <1%) committed 
             Both:        1.01 GB reserved,      14.63 MB (  1%) committed 

Chunk freelists:
   Non-Class:  1.38 KB
       Class:  3.38 KB
        Both:  4.75 KB

CodeHeap 'non-profiled nmethods': size=120064Kb used=317Kb max_used=317Kb free=119746Kb
 bounds [0x000001dc87ac0000, 0x000001dc87d30000, 0x000001dc8f000000]
CodeHeap 'profiled nmethods': size=120000Kb used=2221Kb max_used=2221Kb free=117778Kb
 bounds [0x000001dc80590000, 0x000001dc80800000, 0x000001dc87ac0000]
CodeHeap 'non-nmethods': size=5696Kb used=1106Kb max_used=1119Kb free=4589Kb
 bounds [0x000001dc80000000, 0x000001dc80270000, 0x000001dc80590000]
 total_blobs=1618 nmethods=1197 adapters=333
 compilation: enabled
              stopped_count=0, restarted_count=0
 full_count=0

Compilation events (10 events):
Event: 35.971 Thread 0x000001dcfe975000 1193       3       com.google.gson.internal.bind.CollectionTypeAdapterFactory::create (71 bytes)
Event: 35.973 Thread 0x000001dcfe975000 nmethod 1193 0x000001dc807b8290 code [0x000001dc807b8500, 0x000001dc807b9138]
Event: 35.973 Thread 0x000001dcfe975000 1194       3       com.google.gson.internal.bind.ReflectiveTypeAdapterFactory$1::readIntoField (93 bytes)
Event: 35.976 Thread 0x000001dcfe975000 nmethod 1194 0x000001dc807b9590 code [0x000001dc807b9860, 0x000001dc807ba548]
Event: 35.976 Thread 0x000001dcfe975000 1196       3       java.lang.reflect.Field::set (30 bytes)
Event: 35.977 Thread 0x000001dcfea0c800 1197       4       java.lang.AbstractStringBuilder::append (77 bytes)
Event: 35.978 Thread 0x000001dcfe975000 nmethod 1196 0x000001dc807baa10 code [0x000001dc807bac00, 0x000001dc807bb178]
Event: 35.978 Thread 0x000001dcfe975000 1195       3       com.google.gson.internal.bind.JsonTreeReader::nextName (6 bytes)
Event: 35.978 Thread 0x000001dcfe975000 nmethod 1195 0x000001dc807bb390 code [0x000001dc807bb540, 0x000001dc807bb668]
Event: 35.995 Thread 0x000001dcfea0c800 nmethod 1197 0x000001dc87b0eb90 code [0x000001dc87b0ed40, 0x000001dc87b0f238]

GC Heap History (2 events):
Event: 27.617 GC heap before
{Heap before GC invocations=0 (full 0):
 garbage-first heap   total 65536K, used 15360K [0x00000000fc000000, 0x0000000100000000)
  region size 1024K, 14 young (14336K), 0 survivors (0K)
 Metaspace       used 13105K, capacity 13354K, committed 13440K, reserved 1060864K
  class space    used 1300K, capacity 1384K, committed 1408K, reserved 1048576K
}
Event: 27.625 GC heap after
{Heap after GC invocations=1 (full 0):
 garbage-first heap   total 65536K, used 3941K [0x00000000fc000000, 0x0000000100000000)
  region size 1024K, 2 young (2048K), 2 survivors (2048K)
 Metaspace       used 13105K, capacity 13354K, committed 13440K, reserved 1060864K
  class space    used 1300K, capacity 1384K, committed 1408K, reserved 1048576K
}

Deoptimization events (10 events):
Event: 27.842 Thread 0x000001dcfef47800 Uncommon trap: reason=bimorphic_or_optimized_type_check action=maybe_recompile pc=0x000001dc87aeae54 method=java.util.HashMap.getNode(ILjava/lang/Object;)Ljava/util/HashMap$Node; @ 59 c2
Event: 27.843 Thread 0x000001dcfef47800 Uncommon trap: reason=bimorphic_or_optimized_type_check action=maybe_recompile pc=0x000001dc87ae6d24 method=java.util.HashMap.getNode(ILjava/lang/Object;)Ljava/util/HashMap$Node; @ 126 c2
Event: 29.672 Thread 0x000001dcfef47800 Uncommon trap: reason=class_check action=maybe_recompile pc=0x000001dc87af1918 method=java.util.Collections$UnmodifiableCollection$1.hasNext()Z @ 4 c2
Event: 29.672 Thread 0x000001dcfef47800 Uncommon trap: reason=class_check action=maybe_recompile pc=0x000001dc87af2158 method=java.util.Collections$UnmodifiableCollection$1.next()Ljava/lang/Object; @ 4 c2
Event: 29.676 Thread 0x000001dcfef47800 Uncommon trap: reason=class_check action=maybe_recompile pc=0x000001dc87af1918 method=java.util.Collections$UnmodifiableCollection$1.hasNext()Z @ 4 c2
Event: 29.676 Thread 0x000001dcfef47800 Uncommon trap: reason=class_check action=maybe_recompile pc=0x000001dc87af2158 method=java.util.Collections$UnmodifiableCollection$1.next()Ljava/lang/Object; @ 4 c2
Event: 29.676 Thread 0x000001dcfef47800 Uncommon trap: reason=class_check action=maybe_recompile pc=0x000001dc87af1918 method=java.util.Collections$UnmodifiableCollection$1.hasNext()Z @ 4 c2
Event: 29.676 Thread 0x000001dcfef47800 Uncommon trap: reason=class_check action=maybe_recompile pc=0x000001dc87af2158 method=java.util.Collections$UnmodifiableCollection$1.next()Ljava/lang/Object; @ 4 c2
Event: 29.691 Thread 0x000001dcfef47800 Uncommon trap: reason=class_check action=maybe_recompile pc=0x000001dc87af1918 method=java.util.Collections$UnmodifiableCollection$1.hasNext()Z @ 4 c2
Event: 29.691 Thread 0x000001dcfef47800 Uncommon trap: reason=class_check action=maybe_recompile pc=0x000001dc87af2158 method=java.util.Collections$UnmodifiableCollection$1.next()Ljava/lang/Object; @ 4 c2

Classes redefined (0 events):
No events

Internal exceptions (8 events):
Event: 18.943 Thread 0x000001dcf2558800 Exception <a 'java/lang/NoSuchMethodError'{0x00000000ff720870}: java.lang.invoke.DirectMethodHandle$Holder.invokeSpecial(Ljava/lang/Object;Ljava/lang/Object;Ljava/lang/Object;Ljava/lang/Object;)V> (0x00000000ff720870) thrown at [./open/src/hotspot/share/i
Event: 22.263 Thread 0x000001dcfef47800 Exception <a 'sun/nio/fs/WindowsException'{0x00000000ff30d2c8}> (0x00000000ff30d2c8) thrown at [./open/src/hotspot/share/prims/jni.cpp, line 611]
Event: 22.458 Thread 0x000001dcfef47800 Exception <a 'sun/nio/fs/WindowsException'{0x00000000ff31e5a0}> (0x00000000ff31e5a0) thrown at [./open/src/hotspot/share/prims/jni.cpp, line 611]
Event: 27.667 Thread 0x000001dcfef47800 Exception <a 'java/lang/ClassNotFoundException'{0x00000000fff3e350}: sun/util/logging/resources/spi/loggingProvider> (0x00000000fff3e350) thrown at [./open/src/hotspot/share/classfile/systemDictionary.cpp, line 226]
Event: 27.939 Thread 0x000001dcfef47800 Exception <a 'java/lang/NoSuchMethodError'{0x00000000fff7a740}: java.lang.invoke.DirectMethodHandle$Holder.invokeSpecialIFC(Ljava/lang/Object;Ljava/lang/Object;I)I> (0x00000000fff7a740) thrown at [./open/src/hotspot/share/interpreter/linkResolver.cpp, lin
Event: 28.884 Thread 0x000001dcfef47800 Exception <a 'java/lang/NoSuchMethodError'{0x00000000ffd36858}: java.lang.invoke.DirectMethodHandle$Holder.invokeStaticInit(Ljava/lang/Object;IIII)Ljava/lang/Object;> (0x00000000ffd36858) thrown at [./open/src/hotspot/share/interpreter/linkResolver.cpp, l
Event: 35.078 Thread 0x000001dcfef47800 Exception <a 'java/lang/NoSuchMethodError'{0x00000000ffd76c28}: java.lang.invoke.DirectMethodHandle$Holder.invokeStaticInit(Ljava/lang/Object;Ljava/lang/Object;IIII)Ljava/lang/Object;> (0x00000000ffd76c28) thrown at [./open/src/hotspot/share/interpreter/l
Event: 35.850 Thread 0x000001dcfef47800 Exception <a 'sun/nio/fs/WindowsException'{0x00000000ffdbff58}> (0x00000000ffdbff58) thrown at [./open/src/hotspot/share/prims/jni.cpp, line 611]

Events (10 events):
Event: 35.413 loading class org/eclipse/lsp4j/DidChangeWatchedFilesRegistrationOptions
Event: 35.413 loading class org/eclipse/lsp4j/DidChangeWatchedFilesRegistrationOptions done
Event: 35.414 loading class org/eclipse/lsp4j/RelativePattern
Event: 35.414 loading class org/eclipse/lsp4j/RelativePattern done
Event: 35.471 loading class java/io/FileOutputStream$1
Event: 35.813 loading class java/io/FileOutputStream$1 done
Event: 35.974 loading class org/eclipse/lemminx/services/extensions/save/ISaveContext$SaveContextType
Event: 35.974 loading class org/eclipse/lemminx/services/extensions/save/ISaveContext$SaveContextType done
Event: 35.975 loading class com/google/gson/JsonParser
Event: 35.975 loading class com/google/gson/JsonParser done


Dynamic libraries:
0x00007ff6b0140000 - 0x00007ff6b0207000 	C:\Program Files\Java\jdk-11.0.15.1\bin\java.exe
0x00007ffb8b630000 - 0x00007ffb8b828000 	C:\WINDOWS\SYSTEM32\ntdll.dll
0x00007ffb8a120000 - 0x00007ffb8a1df000 	C:\WINDOWS\System32\KERNEL32.DLL
0x00007ffb891a0000 - 0x00007ffb89472000 	C:\WINDOWS\System32\KERNELBASE.dll
0x00007ffb85a80000 - 0x00007ffb85b10000 	C:\WINDOWS\SYSTEM32\apphelp.dll
0x00007ffb894e0000 - 0x00007ffb895e0000 	C:\WINDOWS\System32\ucrtbase.dll
0x00007ffb83d80000 - 0x00007ffb83d98000 	C:\Program Files\Java\jdk-11.0.15.1\bin\jli.dll
0x00007ffb80d80000 - 0x00007ffb80d95000 	C:\Program Files\Java\jdk-11.0.15.1\bin\VCRUNTIME140.dll
0x00007ffb8a010000 - 0x00007ffb8a0be000 	C:\WINDOWS\System32\ADVAPI32.dll
0x00007ffb8b550000 - 0x00007ffb8b5ee000 	C:\WINDOWS\System32\msvcrt.dll
0x00007ffb89df0000 - 0x00007ffb89e8c000 	C:\WINDOWS\System32\sechost.dll
0x00007ffb8ac70000 - 0x00007ffb8ad94000 	C:\WINDOWS\System32\RPCRT4.dll
0x00007ffb8b2f0000 - 0x00007ffb8b491000 	C:\WINDOWS\System32\USER32.dll
0x00007ffb894b0000 - 0x00007ffb894d2000 	C:\WINDOWS\System32\win32u.dll
0x00007ffb78550000 - 0x00007ffb787ea000 	C:\WINDOWS\WinSxS\amd64_microsoft.windows.common-controls_6595b64144ccf1df_6.0.19041.1110_none_60b5254171f9507e\COMCTL32.dll
0x00007ffb8ab70000 - 0x00007ffb8ab9b000 	C:\WINDOWS\System32\GDI32.dll
0x00007ffb89090000 - 0x00007ffb8919f000 	C:\WINDOWS\System32\gdi32full.dll
0x00007ffb895e0000 - 0x00007ffb8967d000 	C:\WINDOWS\System32\msvcp_win.dll
0x00007ffb79bd0000 - 0x00007ffb79bda000 	C:\WINDOWS\SYSTEM32\VERSION.dll
0x00007ffb8a990000 - 0x00007ffb8a9c0000 	C:\WINDOWS\System32\IMM32.DLL
0x00007ffb5f2b0000 - 0x00007ffb5f34b000 	C:\Program Files\Java\jdk-11.0.15.1\bin\msvcp140.dll
0x00007ffb4a0d0000 - 0x00007ffb4abe6000 	C:\Program Files\Java\jdk-11.0.15.1\bin\server\jvm.dll
0x00007ffb89eb0000 - 0x00007ffb89eb8000 	C:\WINDOWS\System32\PSAPI.DLL
0x00007ffb696e0000 - 0x00007ffb696e9000 	C:\WINDOWS\SYSTEM32\WSOCK32.dll
0x00007ffb78010000 - 0x00007ffb78037000 	C:\WINDOWS\SYSTEM32\WINMM.dll
0x00007ffb89fa0000 - 0x00007ffb8a00b000 	C:\WINDOWS\System32\WS2_32.dll
0x00007ffb86dd0000 - 0x00007ffb86de2000 	C:\WINDOWS\SYSTEM32\kernel.appcore.dll
0x00007ffb81fc0000 - 0x00007ffb81fd0000 	C:\Program Files\Java\jdk-11.0.15.1\bin\verify.dll
0x00007ffb794a0000 - 0x00007ffb79684000 	C:\WINDOWS\SYSTEM32\DBGHELP.DLL
0x00007ffb79450000 - 0x00007ffb79485000 	C:\WINDOWS\SYSTEM32\dbgcore.DLL
0x00007ffb88f50000 - 0x00007ffb88fd2000 	C:\WINDOWS\System32\bcryptPrimitives.dll
0x00007ffb7ab20000 - 0x00007ffb7ab48000 	C:\Program Files\Java\jdk-11.0.15.1\bin\java.dll
0x00007ffb81800000 - 0x00007ffb8180a000 	C:\Program Files\Java\jdk-11.0.15.1\bin\jimage.dll
0x00007ffb7a280000 - 0x00007ffb7a296000 	C:\Program Files\Java\jdk-11.0.15.1\bin\zip.dll
0x00007ffb8a240000 - 0x00007ffb8a985000 	C:\WINDOWS\System32\SHELL32.dll
0x00007ffb86df0000 - 0x00007ffb87582000 	C:\WINDOWS\SYSTEM32\windows.storage.dll
0x00007ffb8aed0000 - 0x00007ffb8b225000 	C:\WINDOWS\System32\combase.dll
0x00007ffb886b0000 - 0x00007ffb886e0000 	C:\WINDOWS\SYSTEM32\Wldp.dll
0x00007ffb8b230000 - 0x00007ffb8b2dd000 	C:\WINDOWS\System32\SHCORE.dll
0x00007ffb8a1e0000 - 0x00007ffb8a235000 	C:\WINDOWS\System32\shlwapi.dll
0x00007ffb88c70000 - 0x00007ffb88c8f000 	C:\WINDOWS\SYSTEM32\profapi.dll
0x00007ffb797b0000 - 0x00007ffb797c9000 	C:\Program Files\Java\jdk-11.0.15.1\bin\net.dll
0x00007ffb7d860000 - 0x00007ffb7d96a000 	C:\WINDOWS\SYSTEM32\WINHTTP.dll
0x00007ffb88410000 - 0x00007ffb8847a000 	C:\WINDOWS\system32\mswsock.dll
0x00007ffb74ed0000 - 0x00007ffb74ee2000 	C:\Program Files\Java\jdk-11.0.15.1\bin\nio.dll
0x00007ffb702e0000 - 0x00007ffb702f2000 	C:\WINDOWS\SYSTEM32\sfc_os.dll
0x00007ffb8ada0000 - 0x00007ffb8aeca000 	C:\WINDOWS\System32\ole32.dll
0x00007ffb8aba0000 - 0x00007ffb8ac6d000 	C:\WINDOWS\System32\oleaut32.dll
0x000001dcff090000 - 0x000001dcff093000 	C:\WINDOWS\SYSTEM32\sfc.dll
0x00007ffb88bf0000 - 0x00007ffb88c22000 	C:\WINDOWS\SYSTEM32\SspiCli.dll
0x00007ffb85c40000 - 0x00007ffb85cde000 	C:\WINDOWS\system32\uxtheme.dll
0x00007ffb89770000 - 0x00007ffb89884000 	C:\WINDOWS\System32\MSCTF.dll
0x00007ffb88610000 - 0x00007ffb88628000 	C:\WINDOWS\SYSTEM32\CRYPTSP.dll
0x00007ffb87d30000 - 0x00007ffb87d64000 	C:\WINDOWS\system32\rsaenh.dll
0x00007ffb89480000 - 0x00007ffb894a7000 	C:\WINDOWS\System32\bcrypt.dll
0x00007ffb88c30000 - 0x00007ffb88c5e000 	C:\WINDOWS\SYSTEM32\USERENV.dll
0x00007ffb88600000 - 0x00007ffb8860c000 	C:\WINDOWS\SYSTEM32\CRYPTBASE.dll
0x00007ffb88100000 - 0x00007ffb8813b000 	C:\WINDOWS\SYSTEM32\IPHLPAPI.DLL
0x00007ffb8b2e0000 - 0x00007ffb8b2e8000 	C:\WINDOWS\System32\NSI.dll
0x00007ffb7daf0000 - 0x00007ffb7db07000 	C:\WINDOWS\SYSTEM32\dhcpcsvc6.DLL
0x00007ffb7dbe0000 - 0x00007ffb7dbfd000 	C:\WINDOWS\SYSTEM32\dhcpcsvc.DLL
0x00007ffb88140000 - 0x00007ffb8820b000 	C:\WINDOWS\SYSTEM32\DNSAPI.dll
0x00007ffb8b4a0000 - 0x00007ffb8b549000 	C:\WINDOWS\System32\clbcatq.dll
0x00007ffb7d840000 - 0x00007ffb7d851000 	C:\WINDOWS\system32\wbem\wbemprox.dll
0x00007ffb7d7b0000 - 0x00007ffb7d840000 	C:\WINDOWS\SYSTEM32\wbemcomn.dll
0x00007ffb7d1e0000 - 0x00007ffb7d1f4000 	C:\WINDOWS\system32\wbem\wbemsvc.dll
0x00007ffb7d200000 - 0x00007ffb7d30b000 	C:\WINDOWS\system32\wbem\fastprox.dll
0x00007ffb6a0d0000 - 0x00007ffb6a0ef000 	C:\WINDOWS\SYSTEM32\amsi.dll
0x00007ffb694c0000 - 0x00007ffb69504000 	C:\Program Files\Windows Defender\MpOav.dll

dbghelp: loaded successfully - version: 4.0.5 - missing functions: none
symbol engine: initialized successfully - sym options: 0x614 - pdb path: .;C:\Program Files\Java\jdk-11.0.15.1\bin;C:\WINDOWS\SYSTEM32;C:\WINDOWS\WinSxS\amd64_microsoft.windows.common-controls_6595b64144ccf1df_6.0.19041.1110_none_60b5254171f9507e;C:\Program Files\Java\jdk-11.0.15.1\bin\server;C:\WINDOWS\system32\wbem;C:\Program Files\Windows Defender

VM Arguments:
jvm_args: -DwatchParentProcess=false -XX:+ExitOnOutOfMemoryError -XX:+HeapDumpOnOutOfMemoryError -XX:HeapDumpPath=c:\Users\nicho\AppData\Roaming\Code\User\globalStorage\redhat.vscode-xml -Xverify:none -Xmx64M 
java_command: org.eclipse.lemminx.XMLServerLauncher
java_class_path (initial): c:\Users\nicho\.vscode\extensions\redhat.vscode-xml-0.24.0-win32-x64\server\org.eclipse.lemminx-0.24.0-uber.jar
Launcher Type: SUN_STANDARD

[Global flags]
     bool BytecodeVerificationLocal                = false                                     {product} {command line}
     bool BytecodeVerificationRemote               = false                                     {product} {command line}
     intx CICompilerCount                          = 3                                         {product} {ergonomic}
     uint ConcGCThreads                            = 1                                         {product} {ergonomic}
     bool ExitOnOutOfMemoryError                   = true                                      {product} {command line}
     uint G1ConcRefinementThreads                  = 4                                         {product} {ergonomic}
   size_t G1HeapRegionSize                         = 1048576                                   {product} {ergonomic}
    uintx GCDrainStackTargetSize                   = 64                                        {product} {ergonomic}
     bool HeapDumpOnOutOfMemoryError               = true                                   {manageable} {command line}
    ccstr HeapDumpPath                             = c:\Users\nicho\AppData\Roaming\Code\User\globalStorage\redhat.vscode-xml         {manageable} {command line}
   size_t InitialHeapSize                          = 67108864                                  {product} {ergonomic}
   size_t MarkStackSize                            = 4194304                                   {product} {ergonomic}
   size_t MaxHeapSize                              = 67108864                                  {product} {command line}
   size_t MaxNewSize                               = 39845888                                  {product} {ergonomic}
   size_t MinHeapDeltaBytes                        = 1048576                                   {product} {ergonomic}
    uintx NonNMethodCodeHeapSize                   = 5830732                                {pd product} {ergonomic}
    uintx NonProfiledCodeHeapSize                  = 122913754                              {pd product} {ergonomic}
    uintx ProfiledCodeHeapSize                     = 122913754                              {pd product} {ergonomic}
    uintx ReservedCodeCacheSize                    = 251658240                              {pd product} {ergonomic}
     bool SegmentedCodeCache                       = true                                      {product} {ergonomic}
     bool UseCompressedClassPointers               = true                                 {lp64_product} {ergonomic}
     bool UseCompressedOops                        = true                                 {lp64_product} {ergonomic}
     bool UseG1GC                                  = true                                      {product} {ergonomic}
     bool UseLargePagesIndividualAllocation        = false                                  {pd product} {ergonomic}

Logging:
Log output configuration:
 #0: stdout all=warning uptime,level,tags
 #1: stderr all=off uptime,level,tags

Environment Variables:
PATH=C:\WINDOWS\system32;C:\WINDOWS;C:\WINDOWS\System32\Wbem;C:\WINDOWS\System32\WindowsPowerShell\v1.0\;C:\WINDOWS\System32\OpenSSH\;C:\Program Files\Java\jdk-11.0.15.1\bin;C:\Program Files\nodejs\;C:\Program Files\php;C:\composer;C:\Program Files\Git\cmd;C:\src\flutter\bin;C:\Users\nicho\.symfony5\tmp\cerr2qrs5gl3di7l8lkg\bin;C:\xampp\php;C:\Users\nicho\scoop\shims;C:\Windows\system32;C:\Windows;C:\Windows\System32\Wbem;C:\Windows\System32\WindowsPowerShell\v1.0\;C:\Windows\System32\OpenSSH\;C:\Program Files\Java\jdk-11.0.15.1\bin;C:\Program Files\nodejs\;C:\Program Files\php;C:\composer;C:\Program Files\Git\cmd;C:\src\flutter\bin;C:\Users\nicho\AppData\Local\Programs\Python\Python310\Scripts\;C:\Users\nicho\AppData\Local\Programs\Python\Python310\;C:\Users\nicho\AppData\Local\Microsoft\WindowsApps;C:\Users\nicho\AppData\Roaming\npm;C:\Users\nicho\AppData\Roaming\Composer\vendor\bin;C:\Program Files\JetBrains\PhpStorm 2022.2.1\bin;C:\Program Files\JetBrains\IntelliJ IDEA Community Edition 2022.1.1\bin;C:\Users\nicho\.platformsh\bin;C:\Program Files\JetBrains\PyCharm Community Edition 2022.3.1\bin;;C:\Users\nicho\AppData\Local\Microsoft\WindowsApps;C:\Development\Microsoft VS Code\bin
USERNAME=night and travel
OS=Windows_NT
PROCESSOR_IDENTIFIER=Intel64 Family 6 Model 60 Stepping 3, GenuineIntel



---------------  S Y S T E M  ---------------

OS: Windows 10 , 64 bit Build 19041 (10.0.19041.2546)

CPU:total 4 (initial active 4) (2 cores per cpu, 2 threads per core) family 6 model 60 stepping 3 microcode 0x27, cmov, cx8, fxsr, mmx, sse, sse2, sse3, ssse3, sse4.1, sse4.2, popcnt, avx, avx2, aes, clmul, erms, lzcnt, ht, tsc, tscinvbit, bmi1, bmi2, fma

Memory: 4k page, system-wide physical 7906M (1048M free)
TotalPageFile size 11618M (AvailPageFile size 2856M)
current process WorkingSet (physical memory assigned to process): 44M, peak: 796M
current process commit charge ("private bytes"): 150M, peak: 914M

vm_info: Java HotSpot(TM) 64-Bit Server VM (11.0.15.1+2-LTS-10) for windows-amd64 JRE (11.0.15.1+2-LTS-10), built on Apr 25 2022 21:51:57 by "mach5one" with MS VC++ 15.9 (VS2017)

END.
